<?xml version="1.0" encoding="UTF-8"?>
<!-- Generated by org.testng.reporters.JUnitReportReporter -->
<testsuite skipped="0" hostname="DESKTOP-23AEDGJ" name="com.qa.tests.GetAPITest" tests="2" failures="0" timestamp="18 Oct 2019 09:26:57 GMT" time="1.888" errors="0">
  <testcase name="getAPITestWithoutHeaders" time="1.016" classname="com.qa.tests.GetAPITest"/>
  <testcase name="getAPITestWithHeaders" time="0.872" classname="com.qa.tests.GetAPITest"/>
</testsuite> <!-- com.qa.tests.GetAPITest -->
