<?xml version="1.0" encoding="UTF-8"?>
<!-- Generated by org.testng.reporters.JUnitReportReporter -->
<testsuite skipped="0" hostname="DESKTOP-23AEDGJ" name="com.qa.tests.PostAPITest" tests="1" failures="0" timestamp="18 Oct 2019 09:26:57 GMT" time="2.132" errors="0">
  <testcase name="postAPITest" time="2.132" classname="com.qa.tests.PostAPITest"/>
</testsuite> <!-- com.qa.tests.PostAPITest -->
